<?xml version="1.0" encoding="UTF-8"?>
<!-- Generated by org.testng.reporters.JUnitXMLReporter -->
<testsuite ignored="0" hostname="VIBIN" failures="0" tests="4" name="Default test" time="22.388" errors="0" timestamp="2025-11-24T22:08:15 IST">
  <testcase classname="testCases.LoginApplication" name="loginWithValidCredential" time="7.422"/>
  <testcase classname="testCases.LoginApplication" name="logOutFromApp" time="6.177"/>
  <testcase classname="testCases.LoginApplication" name="isSocialLinksDisplayed" time="0.027"/>
  <testcase classname="testCases.LoginApplication" name="isSignUpLinkDisplayed" time="3.09"/>
</testsuite> <!-- Default test -->
