<?xml version="1.0" encoding="UTF-8"?>
<testng-results ignored="0" total="1" passed="1" failed="0" skipped="0">
  <reporter-output>
  </reporter-output>
  <suite started-at="2025-11-26T21:53:01 IST" name="Suite" finished-at="2025-11-26T21:53:32 IST" duration-ms="31242">
    <groups>
    </groups>
    <test started-at="2025-11-26T21:53:01 IST" name="Test" finished-at="2025-11-26T21:53:32 IST" duration-ms="31242">
      <class name="testCases.SignUP_Cases">
        <test-method is-config="true" signature="setUp()[pri:0, instance:testCases.SignUP_Cases@2a7ed1f]" started-at="2025-11-26T21:53:01 IST" name="setUp" finished-at="2025-11-26T21:53:03 IST" duration-ms="2025" status="PASS">
          <reporter-output>
          </reporter-output>
        </test-method> <!-- setUp -->
        <test-method signature="signupPageVerification()[pri:0, instance:testCases.SignUP_Cases@2a7ed1f]" started-at="2025-11-26T21:53:03 IST" name="signupPageVerification" finished-at="2025-11-26T21:53:32 IST" duration-ms="28991" status="PASS">
          <reporter-output>
          </reporter-output>
        </test-method> <!-- signupPageVerification -->
        <test-method is-config="true" signature="tearDown()[pri:0, instance:testCases.SignUP_Cases@2a7ed1f]" started-at="2025-11-26T21:53:32 IST" name="tearDown" finished-at="2025-11-26T21:53:32 IST" duration-ms="167" status="PASS">
          <reporter-output>
          </reporter-output>
        </test-method> <!-- tearDown -->
      </class> <!-- testCases.SignUP_Cases -->
    </test> <!-- Test -->
  </suite> <!-- Suite -->
</testng-results>
