<?xml version="1.0" encoding="UTF-8"?>
<!-- Generated by org.testng.reporters.JUnitReportReporter -->
<testsuite hostname="VIBIN" failures="0" tests="4" name="testCases.LoginApplication" time="16.948" errors="0" timestamp="2025-11-25T14:37:06 IST" skipped="0">
  <testcase classname="testCases.LoginApplication" name="loginWithValidCredential" time="7.511"/>
  <system-out>
    <![CDATA[Log:INFO - User Login Success.]]>
  </system-out>
  <testcase classname="testCases.LoginApplication" name="logOutFromApp" time="6.302"/>
  <system-out/>
  <testcase classname="testCases.LoginApplication" name="isSocialLinksDisplayed" time="0.026"/>
  <system-out/>
  <testcase classname="testCases.LoginApplication" name="isSignUpLinkDisplayed" time="3.109"/>
  <system-out/>
</testsuite> <!-- testCases.LoginApplication -->
