<?xml version="1.0" encoding="UTF-8"?>
<!-- Generated by org.testng.reporters.JUnitReportReporter -->
<testsuite hostname="VIBIN" failures="0" tests="4" name="testCases.LoginApplication" time="16.562" errors="0" timestamp="2025-11-25T20:11:57 IST" skipped="0">
  <testcase classname="testCases.LoginApplication" name="loginWithValidCredential" time="7.313"/>
  <system-out>
    <![CDATA[Log:INFO - User Login Success.]]>
  </system-out>
  <testcase classname="testCases.LoginApplication" name="logOutFromApp" time="6.166"/>
  <system-out/>
  <testcase classname="testCases.LoginApplication" name="isSocialLinksDisplayed" time="0.011"/>
  <system-out/>
  <testcase classname="testCases.LoginApplication" name="isSignUpLinkDisplayed" time="3.072"/>
  <system-out/>
</testsuite> <!-- testCases.LoginApplication -->
